<?xml version="1.0" encoding="UTF-8"?>
<testng-results ignored="0" total="12" passed="11" failed="1" skipped="0">
  <reporter-output>
  </reporter-output>
  <suite started-at="2024-03-07T18:04:07Z" name="XYZ Bank Application Test Automation Test Suite" finished-at="2024-03-07T18:04:59Z" duration-ms="51533">
    <groups>
    </groups>
    <test started-at="2024-03-07T18:04:07Z" name="XYZ Bank App Test Cases" finished-at="2024-03-07T18:04:59Z" duration-ms="51533">
      <class name="com.xyz.qa.testcases.ManagerAddCustomerPageTest">
        <test-method is-config="true" signature="setUp()[pri:0, instance:com.xyz.qa.testcases.ManagerAddCustomerPageTest@1d8bd0de]" started-at="2024-03-07T23:34:13Z" name="setUp" finished-at="2024-03-07T23:34:16Z" duration-ms="2442" status="PASS">
          <reporter-output>
          </reporter-output>
        </test-method> <!-- setUp -->
        <test-method signature="verifyAddCustomerAlertMessage()[pri:0, instance:com.xyz.qa.testcases.ManagerAddCustomerPageTest@1d8bd0de]" started-at="2024-03-07T23:34:16Z" name="verifyAddCustomerAlertMessage" finished-at="2024-03-07T23:34:18Z" duration-ms="1709" status="PASS">
          <reporter-output>
          </reporter-output>
        </test-method> <!-- verifyAddCustomerAlertMessage -->
        <test-method is-config="true" signature="setUp()[pri:0, instance:com.xyz.qa.testcases.ManagerAddCustomerPageTest@1d8bd0de]" started-at="2024-03-07T23:34:18Z" name="setUp" finished-at="2024-03-07T23:34:20Z" duration-ms="2428" status="PASS">
          <reporter-output>
          </reporter-output>
        </test-method> <!-- setUp -->
        <test-method signature="verifyInvalidDataAlertMessage()[pri:0, instance:com.xyz.qa.testcases.ManagerAddCustomerPageTest@1d8bd0de]" started-at="2024-03-07T23:34:20Z" name="verifyInvalidDataAlertMessage" finished-at="2024-03-07T23:34:22Z" duration-ms="1739" status="FAIL">
          <exception class="java.lang.AssertionError">
            <message>
              <![CDATA[expected [true] but found [false]]]>
            </message>
            <full-stacktrace>
              <![CDATA[java.lang.AssertionError: expected [true] but found [false]
	at org.testng.Assert.fail(Assert.java:93)
	at org.testng.Assert.failNotEquals(Assert.java:512)
	at org.testng.Assert.assertTrue(Assert.java:41)
	at org.testng.Assert.assertTrue(Assert.java:51)
	at com.xyz.qa.testcases.ManagerAddCustomerPageTest.verifyInvalidDataAlertMessage(ManagerAddCustomerPageTest.java:60)
	at java.base/jdk.internal.reflect.NativeMethodAccessorImpl.invoke0(Native Method)
	at java.base/jdk.internal.reflect.NativeMethodAccessorImpl.invoke(NativeMethodAccessorImpl.java:77)
	at java.base/jdk.internal.reflect.DelegatingMethodAccessorImpl.invoke(DelegatingMethodAccessorImpl.java:43)
	at java.base/java.lang.reflect.Method.invoke(Method.java:568)
	at org.testng.internal.MethodInvocationHelper.invokeMethod(MethodInvocationHelper.java:108)
	at org.testng.internal.Invoker.invokeMethod(Invoker.java:661)
	at org.testng.internal.Invoker.invokeTestMethod(Invoker.java:869)
	at org.testng.internal.Invoker.invokeTestMethods(Invoker.java:1193)
	at org.testng.internal.TestMethodWorker.invokeTestMethods(TestMethodWorker.java:126)
	at org.testng.internal.TestMethodWorker.run(TestMethodWorker.java:109)
	at org.testng.TestRunner.privateRun(TestRunner.java:744)
	at org.testng.TestRunner.run(TestRunner.java:602)
	at org.testng.SuiteRunner.runTest(SuiteRunner.java:380)
	at org.testng.SuiteRunner.runSequentially(SuiteRunner.java:375)
	at org.testng.SuiteRunner.privateRun(SuiteRunner.java:340)
	at org.testng.SuiteRunner.run(SuiteRunner.java:289)
	at org.testng.SuiteRunnerWorker.runSuite(SuiteRunnerWorker.java:52)
	at org.testng.SuiteRunnerWorker.run(SuiteRunnerWorker.java:86)
	at org.testng.TestNG.runSuitesSequentially(TestNG.java:1301)
	at org.testng.TestNG.runSuitesLocally(TestNG.java:1226)
	at org.testng.TestNG.runSuites(TestNG.java:1144)
	at org.testng.TestNG.run(TestNG.java:1115)
	at org.testng.remote.AbstractRemoteTestNG.run(AbstractRemoteTestNG.java:115)
	at org.testng.remote.RemoteTestNG.initAndRun(RemoteTestNG.java:251)
	at org.testng.remote.RemoteTestNG.main(RemoteTestNG.java:77)
]]>
            </full-stacktrace>
          </exception> <!-- java.lang.AssertionError -->
          <reporter-output>
          </reporter-output>
        </test-method> <!-- verifyInvalidDataAlertMessage -->
      </class> <!-- com.xyz.qa.testcases.ManagerAddCustomerPageTest -->
      <class name="com.xyz.qa.testcases.ManagerOpenAccountPageTest">
        <test-method is-config="true" signature="setUp()[pri:0, instance:com.xyz.qa.testcases.ManagerOpenAccountPageTest@45ca843]" started-at="2024-03-07T23:34:22Z" name="setUp" finished-at="2024-03-07T23:34:25Z" duration-ms="2753" status="PASS">
          <reporter-output>
          </reporter-output>
        </test-method> <!-- setUp -->
        <test-method signature="verifyOpenAccountAlertMessage()[pri:0, instance:com.xyz.qa.testcases.ManagerOpenAccountPageTest@45ca843]" started-at="2024-03-07T23:34:25Z" name="verifyOpenAccountAlertMessage" finished-at="2024-03-07T23:34:27Z" duration-ms="2061" status="PASS">
          <reporter-output>
          </reporter-output>
        </test-method> <!-- verifyOpenAccountAlertMessage -->
        <test-method is-config="true" signature="setUp()[pri:0, instance:com.xyz.qa.testcases.ManagerOpenAccountPageTest@45ca843]" started-at="2024-03-07T23:34:27Z" name="setUp" finished-at="2024-03-07T23:34:29Z" duration-ms="2485" status="PASS">
          <reporter-output>
          </reporter-output>
        </test-method> <!-- setUp -->
        <test-method signature="verifyOpenAccountAlertMessage1()[pri:0, instance:com.xyz.qa.testcases.ManagerOpenAccountPageTest@45ca843]" started-at="2024-03-07T23:34:29Z" name="verifyOpenAccountAlertMessage1" finished-at="2024-03-07T23:34:31Z" duration-ms="1470" status="PASS">
          <reporter-output>
          </reporter-output>
        </test-method> <!-- verifyOpenAccountAlertMessage1 -->
      </class> <!-- com.xyz.qa.testcases.ManagerOpenAccountPageTest -->
      <class name="com.xyz.qa.testcases.CustomerAccountPageTest">
        <test-method is-config="true" signature="setUp()[pri:0, instance:com.xyz.qa.testcases.CustomerAccountPageTest@50caa560]" started-at="2024-03-07T23:34:39Z" name="setUp" finished-at="2024-03-07T23:34:43Z" duration-ms="3909" status="PASS">
          <reporter-output>
          </reporter-output>
        </test-method> <!-- setUp -->
        <test-method signature="verifyCustomerAccountDetails()[pri:2, instance:com.xyz.qa.testcases.CustomerAccountPageTest@50caa560]" started-at="2024-03-07T23:34:43Z" name="verifyCustomerAccountDetails" finished-at="2024-03-07T23:34:43Z" duration-ms="371" status="PASS">
          <reporter-output>
          </reporter-output>
        </test-method> <!-- verifyCustomerAccountDetails -->
      </class> <!-- com.xyz.qa.testcases.CustomerAccountPageTest -->
      <class name="com.xyz.qa.testcases.WithdrawPageTest">
        <test-method is-config="true" signature="setUp()[pri:0, instance:com.xyz.qa.testcases.WithdrawPageTest@186f8716]" started-at="2024-03-07T23:34:48Z" name="setUp" finished-at="2024-03-07T23:34:52Z" duration-ms="3907" status="PASS">
          <reporter-output>
          </reporter-output>
        </test-method> <!-- setUp -->
        <test-method signature="withdrawAmount()[pri:4, instance:com.xyz.qa.testcases.WithdrawPageTest@186f8716]" started-at="2024-03-07T23:34:52Z" name="withdrawAmount" finished-at="2024-03-07T23:34:53Z" duration-ms="1442" status="PASS">
          <reporter-output>
          </reporter-output>
        </test-method> <!-- withdrawAmount -->
      </class> <!-- com.xyz.qa.testcases.WithdrawPageTest -->
      <class name="com.xyz.qa.testcases.ManagerCustomersPageTest">
        <test-method is-config="true" signature="setUp()[pri:0, instance:com.xyz.qa.testcases.ManagerCustomersPageTest@11c9af63]" started-at="2024-03-07T23:34:31Z" name="setUp" finished-at="2024-03-07T23:34:33Z" duration-ms="2425" status="PASS">
          <reporter-output>
          </reporter-output>
        </test-method> <!-- setUp -->
        <test-method signature="verifyCustomerDetailsAndDelete()[pri:0, instance:com.xyz.qa.testcases.ManagerCustomersPageTest@11c9af63]" started-at="2024-03-07T23:34:33Z" name="verifyCustomerDetailsAndDelete" finished-at="2024-03-07T23:34:35Z" duration-ms="1945" status="PASS">
          <reporter-output>
          </reporter-output>
        </test-method> <!-- verifyCustomerDetailsAndDelete -->
      </class> <!-- com.xyz.qa.testcases.ManagerCustomersPageTest -->
      <class name="com.xyz.qa.testcases.DepositPageTest">
        <test-method is-config="true" signature="setUp()[pri:0, instance:com.xyz.qa.testcases.DepositPageTest@5ab9e72c]" started-at="2024-03-07T23:34:43Z" name="setUp" finished-at="2024-03-07T23:34:47Z" duration-ms="3883" status="PASS">
          <reporter-output>
          </reporter-output>
        </test-method> <!-- setUp -->
        <test-method signature="depositAmountAndVerifyTransaction()[pri:3, instance:com.xyz.qa.testcases.DepositPageTest@5ab9e72c]" started-at="2024-03-07T23:34:47Z" name="depositAmountAndVerifyTransaction" finished-at="2024-03-07T23:34:48Z" duration-ms="1123" status="PASS">
          <reporter-output>
          </reporter-output>
        </test-method> <!-- depositAmountAndVerifyTransaction -->
      </class> <!-- com.xyz.qa.testcases.DepositPageTest -->
      <class name="com.xyz.qa.testcases.TransactionPageTest">
        <test-method is-config="true" signature="setUp()[pri:0, instance:com.xyz.qa.testcases.TransactionPageTest@2a266d09]" started-at="2024-03-07T23:34:53Z" name="setUp" finished-at="2024-03-07T23:34:57Z" duration-ms="3908" status="PASS">
          <reporter-output>
          </reporter-output>
        </test-method> <!-- setUp -->
        <test-method signature="depositWithdrawAndVerifyTransactions()[pri:5, instance:com.xyz.qa.testcases.TransactionPageTest@2a266d09]" started-at="2024-03-07T23:34:57Z" name="depositWithdrawAndVerifyTransactions" finished-at="2024-03-07T23:34:59Z" duration-ms="1436" status="PASS">
          <reporter-output>
          </reporter-output>
        </test-method> <!-- depositWithdrawAndVerifyTransactions -->
      </class> <!-- com.xyz.qa.testcases.TransactionPageTest -->
      <class name="com.xyz.qa.testcases.LoginPageTest">
        <test-method is-config="true" signature="setUp()[pri:0, instance:com.xyz.qa.testcases.LoginPageTest@568ff82]" started-at="2024-03-07T23:34:07Z" name="setUp" finished-at="2024-03-07T23:34:10Z" duration-ms="3063" status="PASS">
          <reporter-output>
          </reporter-output>
        </test-method> <!-- setUp -->
        <test-method signature="customerLoginTest()[pri:0, instance:com.xyz.qa.testcases.LoginPageTest@568ff82]" started-at="2024-03-07T23:34:10Z" name="customerLoginTest" finished-at="2024-03-07T23:34:11Z" duration-ms="779" status="PASS">
          <reporter-output>
          </reporter-output>
        </test-method> <!-- customerLoginTest -->
        <test-method is-config="true" signature="setUp()[pri:0, instance:com.xyz.qa.testcases.LoginPageTest@568ff82]" started-at="2024-03-07T23:34:11Z" name="setUp" finished-at="2024-03-07T23:34:13Z" duration-ms="2436" status="PASS">
          <reporter-output>
          </reporter-output>
        </test-method> <!-- setUp -->
        <test-method signature="loginPageTitleTest()[pri:0, instance:com.xyz.qa.testcases.LoginPageTest@568ff82]" started-at="2024-03-07T23:34:13Z" name="loginPageTitleTest" finished-at="2024-03-07T23:34:13Z" duration-ms="10" status="PASS">
          <reporter-output>
          </reporter-output>
        </test-method> <!-- loginPageTitleTest -->
        <test-method is-config="true" signature="setUp()[pri:0, instance:com.xyz.qa.testcases.LoginPageTest@568ff82]" started-at="2024-03-07T23:34:35Z" name="setUp" finished-at="2024-03-07T23:34:37Z" duration-ms="2510" status="PASS">
          <reporter-output>
          </reporter-output>
        </test-method> <!-- setUp -->
        <test-method signature="loginTest()[pri:1, instance:com.xyz.qa.testcases.LoginPageTest@568ff82]" started-at="2024-03-07T23:34:37Z" name="loginTest" finished-at="2024-03-07T23:34:39Z" duration-ms="1266" status="PASS">
          <reporter-output>
          </reporter-output>
        </test-method> <!-- loginTest -->
      </class> <!-- com.xyz.qa.testcases.LoginPageTest -->
    </test> <!-- XYZ Bank App Test Cases -->
  </suite> <!-- XYZ Bank Application Test Automation Test Suite -->
</testng-results>
